CRITICAL - 2022-01-31 01:46:56 --> syntax error, unexpected '%'
#0 C:\xampp\htdocs\pbo-cv\system\View\View.php(213): CodeIgniter\View\View->CodeIgniter\View\{closure}()
#1 C:\xampp\htdocs\pbo-cv\system\Common.php(1089): CodeIgniter\View\View->render('home/index.php', Array, true)
#2 C:\xampp\htdocs\pbo-cv\app\Controllers\Home.php(19): view('home/index.php', Array)
#3 C:\xampp\htdocs\pbo-cv\system\CodeIgniter.php(825): App\Controllers\Home->index()
#4 C:\xampp\htdocs\pbo-cv\system\CodeIgniter.php(412): CodeIgniter\CodeIgniter->runController(Object(App\Controllers\Home))
#5 C:\xampp\htdocs\pbo-cv\system\CodeIgniter.php(320): CodeIgniter\CodeIgniter->handleRequest(NULL, Object(Config\Cache), false)
#6 C:\xampp\htdocs\pbo-cv\public\index.php(37): CodeIgniter\CodeIgniter->run()
#7 {main}
CRITICAL - 2022-01-31 01:46:56 --> syntax error, unexpected '%'
#0 C:\xampp\htdocs\pbo-cv\system\View\View.php(213): CodeIgniter\View\View->CodeIgniter\View\{closure}()
#1 C:\xampp\htdocs\pbo-cv\system\Common.php(1089): CodeIgniter\View\View->render('home/index.php', Array, true)
#2 C:\xampp\htdocs\pbo-cv\app\Controllers\Home.php(19): view('home/index.php', Array)
#3 C:\xampp\htdocs\pbo-cv\system\CodeIgniter.php(825): App\Controllers\Home->index()
#4 C:\xampp\htdocs\pbo-cv\system\CodeIgniter.php(412): CodeIgniter\CodeIgniter->runController(Object(App\Controllers\Home))
#5 C:\xampp\htdocs\pbo-cv\system\CodeIgniter.php(320): CodeIgniter\CodeIgniter->handleRequest(NULL, Object(Config\Cache), false)
#6 C:\xampp\htdocs\pbo-cv\public\index.php(37): CodeIgniter\CodeIgniter->run()
#7 {main}
CRITICAL - 2022-01-31 01:47:16 --> Illegal string offset 'nama'
#0 C:\xampp\htdocs\pbo-cv\app\Views\home\index.php(9): CodeIgniter\Debug\Exceptions->errorHandler(2, 'Illegal string ...', 'C:\\xampp\\htdocs...', 9, Array)
#1 C:\xampp\htdocs\pbo-cv\system\View\View.php(210): include('C:\\xampp\\htdocs...')
#2 C:\xampp\htdocs\pbo-cv\system\View\View.php(213): CodeIgniter\View\View->CodeIgniter\View\{closure}()
#3 C:\xampp\htdocs\pbo-cv\system\Common.php(1089): CodeIgniter\View\View->render('home/index.php', Array, true)
#4 C:\xampp\htdocs\pbo-cv\app\Controllers\Home.php(19): view('home/index.php', Array)
#5 C:\xampp\htdocs\pbo-cv\system\CodeIgniter.php(825): App\Controllers\Home->index()
#6 C:\xampp\htdocs\pbo-cv\system\CodeIgniter.php(412): CodeIgniter\CodeIgniter->runController(Object(App\Controllers\Home))
#7 C:\xampp\htdocs\pbo-cv\system\CodeIgniter.php(320): CodeIgniter\CodeIgniter->handleRequest(NULL, Object(Config\Cache), false)
#8 C:\xampp\htdocs\pbo-cv\public\index.php(37): CodeIgniter\CodeIgniter->run()
#9 {main}
CRITICAL - 2022-01-31 01:47:17 --> Illegal string offset 'nama'
#0 C:\xampp\htdocs\pbo-cv\app\Views\home\index.php(9): CodeIgniter\Debug\Exceptions->errorHandler(2, 'Illegal string ...', 'C:\\xampp\\htdocs...', 9, Array)
#1 C:\xampp\htdocs\pbo-cv\system\View\View.php(210): include('C:\\xampp\\htdocs...')
#2 C:\xampp\htdocs\pbo-cv\system\View\View.php(213): CodeIgniter\View\View->CodeIgniter\View\{closure}()
#3 C:\xampp\htdocs\pbo-cv\system\Common.php(1089): CodeIgniter\View\View->render('home/index.php', Array, true)
#4 C:\xampp\htdocs\pbo-cv\app\Controllers\Home.php(19): view('home/index.php', Array)
#5 C:\xampp\htdocs\pbo-cv\system\CodeIgniter.php(825): App\Controllers\Home->index()
#6 C:\xampp\htdocs\pbo-cv\system\CodeIgniter.php(412): CodeIgniter\CodeIgniter->runController(Object(App\Controllers\Home))
#7 C:\xampp\htdocs\pbo-cv\system\CodeIgniter.php(320): CodeIgniter\CodeIgniter->handleRequest(NULL, Object(Config\Cache), false)
#8 C:\xampp\htdocs\pbo-cv\public\index.php(37): CodeIgniter\CodeIgniter->run()
#9 {main}
CRITICAL - 2022-01-31 01:47:17 --> Illegal string offset 'nama'
#0 C:\xampp\htdocs\pbo-cv\app\Views\home\index.php(9): CodeIgniter\Debug\Exceptions->errorHandler(2, 'Illegal string ...', 'C:\\xampp\\htdocs...', 9, Array)
#1 C:\xampp\htdocs\pbo-cv\system\View\View.php(210): include('C:\\xampp\\htdocs...')
#2 C:\xampp\htdocs\pbo-cv\system\View\View.php(213): CodeIgniter\View\View->CodeIgniter\View\{closure}()
#3 C:\xampp\htdocs\pbo-cv\system\Common.php(1089): CodeIgniter\View\View->render('home/index.php', Array, true)
#4 C:\xampp\htdocs\pbo-cv\app\Controllers\Home.php(19): view('home/index.php', Array)
#5 C:\xampp\htdocs\pbo-cv\system\CodeIgniter.php(825): App\Controllers\Home->index()
#6 C:\xampp\htdocs\pbo-cv\system\CodeIgniter.php(412): CodeIgniter\CodeIgniter->runController(Object(App\Controllers\Home))
#7 C:\xampp\htdocs\pbo-cv\system\CodeIgniter.php(320): CodeIgniter\CodeIgniter->handleRequest(NULL, Object(Config\Cache), false)
#8 C:\xampp\htdocs\pbo-cv\public\index.php(37): CodeIgniter\CodeIgniter->run()
#9 {main}
CRITICAL - 2022-01-31 01:47:17 --> Illegal string offset 'nama'
#0 C:\xampp\htdocs\pbo-cv\app\Views\home\index.php(9): CodeIgniter\Debug\Exceptions->errorHandler(2, 'Illegal string ...', 'C:\\xampp\\htdocs...', 9, Array)
#1 C:\xampp\htdocs\pbo-cv\system\View\View.php(210): include('C:\\xampp\\htdocs...')
#2 C:\xampp\htdocs\pbo-cv\system\View\View.php(213): CodeIgniter\View\View->CodeIgniter\View\{closure}()
#3 C:\xampp\htdocs\pbo-cv\system\Common.php(1089): CodeIgniter\View\View->render('home/index.php', Array, true)
#4 C:\xampp\htdocs\pbo-cv\app\Controllers\Home.php(19): view('home/index.php', Array)
#5 C:\xampp\htdocs\pbo-cv\system\CodeIgniter.php(825): App\Controllers\Home->index()
#6 C:\xampp\htdocs\pbo-cv\system\CodeIgniter.php(412): CodeIgniter\CodeIgniter->runController(Object(App\Controllers\Home))
#7 C:\xampp\htdocs\pbo-cv\system\CodeIgniter.php(320): CodeIgniter\CodeIgniter->handleRequest(NULL, Object(Config\Cache), false)
#8 C:\xampp\htdocs\pbo-cv\public\index.php(37): CodeIgniter\CodeIgniter->run()
#9 {main}
CRITICAL - 2022-01-31 01:49:35 --> Illegal string offset 'nama'
#0 C:\xampp\htdocs\pbo-cv\app\Views\home\index.php(9): CodeIgniter\Debug\Exceptions->errorHandler(2, 'Illegal string ...', 'C:\\xampp\\htdocs...', 9, Array)
#1 C:\xampp\htdocs\pbo-cv\system\View\View.php(210): include('C:\\xampp\\htdocs...')
#2 C:\xampp\htdocs\pbo-cv\system\View\View.php(213): CodeIgniter\View\View->CodeIgniter\View\{closure}()
#3 C:\xampp\htdocs\pbo-cv\system\Common.php(1089): CodeIgniter\View\View->render('home/index.php', Array, true)
#4 C:\xampp\htdocs\pbo-cv\app\Controllers\Home.php(19): view('home/index.php', Array)
#5 C:\xampp\htdocs\pbo-cv\system\CodeIgniter.php(825): App\Controllers\Home->index()
#6 C:\xampp\htdocs\pbo-cv\system\CodeIgniter.php(412): CodeIgniter\CodeIgniter->runController(Object(App\Controllers\Home))
#7 C:\xampp\htdocs\pbo-cv\system\CodeIgniter.php(320): CodeIgniter\CodeIgniter->handleRequest(NULL, Object(Config\Cache), false)
#8 C:\xampp\htdocs\pbo-cv\public\index.php(37): CodeIgniter\CodeIgniter->run()
#9 {main}
CRITICAL - 2022-01-31 01:52:40 --> Undefined variable: nama
#0 C:\xampp\htdocs\pbo-cv\app\Views\home\index.php(8): CodeIgniter\Debug\Exceptions->errorHandler(8, 'Undefined varia...', 'C:\\xampp\\htdocs...', 8, Array)
#1 C:\xampp\htdocs\pbo-cv\system\View\View.php(210): include('C:\\xampp\\htdocs...')
#2 C:\xampp\htdocs\pbo-cv\system\View\View.php(213): CodeIgniter\View\View->CodeIgniter\View\{closure}()
#3 C:\xampp\htdocs\pbo-cv\system\Common.php(1089): CodeIgniter\View\View->render('home/index.php', Array, true)
#4 C:\xampp\htdocs\pbo-cv\app\Controllers\Home.php(20): view('home/index.php', Array)
#5 C:\xampp\htdocs\pbo-cv\system\CodeIgniter.php(825): App\Controllers\Home->index()
#6 C:\xampp\htdocs\pbo-cv\system\CodeIgniter.php(412): CodeIgniter\CodeIgniter->runController(Object(App\Controllers\Home))
#7 C:\xampp\htdocs\pbo-cv\system\CodeIgniter.php(320): CodeIgniter\CodeIgniter->handleRequest(NULL, Object(Config\Cache), false)
#8 C:\xampp\htdocs\pbo-cv\public\index.php(37): CodeIgniter\CodeIgniter->run()
#9 {main}
CRITICAL - 2022-01-31 01:52:41 --> Undefined variable: nama
#0 C:\xampp\htdocs\pbo-cv\app\Views\home\index.php(8): CodeIgniter\Debug\Exceptions->errorHandler(8, 'Undefined varia...', 'C:\\xampp\\htdocs...', 8, Array)
#1 C:\xampp\htdocs\pbo-cv\system\View\View.php(210): include('C:\\xampp\\htdocs...')
#2 C:\xampp\htdocs\pbo-cv\system\View\View.php(213): CodeIgniter\View\View->CodeIgniter\View\{closure}()
#3 C:\xampp\htdocs\pbo-cv\system\Common.php(1089): CodeIgniter\View\View->render('home/index.php', Array, true)
#4 C:\xampp\htdocs\pbo-cv\app\Controllers\Home.php(20): view('home/index.php', Array)
#5 C:\xampp\htdocs\pbo-cv\system\CodeIgniter.php(825): App\Controllers\Home->index()
#6 C:\xampp\htdocs\pbo-cv\system\CodeIgniter.php(412): CodeIgniter\CodeIgniter->runController(Object(App\Controllers\Home))
#7 C:\xampp\htdocs\pbo-cv\system\CodeIgniter.php(320): CodeIgniter\CodeIgniter->handleRequest(NULL, Object(Config\Cache), false)
#8 C:\xampp\htdocs\pbo-cv\public\index.php(37): CodeIgniter\CodeIgniter->run()
#9 {main}
CRITICAL - 2022-01-31 04:24:07 --> Undefined variable: nama
#0 C:\xampp\htdocs\pbo-cv\app\Views\home\index.php(8): CodeIgniter\Debug\Exceptions->errorHandler(8, 'Undefined varia...', 'C:\\xampp\\htdocs...', 8, Array)
#1 C:\xampp\htdocs\pbo-cv\system\View\View.php(210): include('C:\\xampp\\htdocs...')
#2 C:\xampp\htdocs\pbo-cv\system\View\View.php(213): CodeIgniter\View\View->CodeIgniter\View\{closure}()
#3 C:\xampp\htdocs\pbo-cv\system\Common.php(1089): CodeIgniter\View\View->render('home/index.php', Array, true)
#4 C:\xampp\htdocs\pbo-cv\app\Controllers\Home.php(16): view('home/index.php', Array)
#5 C:\xampp\htdocs\pbo-cv\system\CodeIgniter.php(825): App\Controllers\Home->index()
#6 C:\xampp\htdocs\pbo-cv\system\CodeIgniter.php(412): CodeIgniter\CodeIgniter->runController(Object(App\Controllers\Home))
#7 C:\xampp\htdocs\pbo-cv\system\CodeIgniter.php(320): CodeIgniter\CodeIgniter->handleRequest(NULL, Object(Config\Cache), false)
#8 C:\xampp\htdocs\pbo-cv\public\index.php(37): CodeIgniter\CodeIgniter->run()
#9 {main}
CRITICAL - 2022-01-31 04:40:19 --> syntax error, unexpected 'echo' (T_ECHO)
#0 C:\xampp\htdocs\pbo-cv\system\Autoloader\Autoloader.php(241): CodeIgniter\Autoloader\Autoloader->includeFile('C:\\xampp\\htdocs...')
#1 C:\xampp\htdocs\pbo-cv\system\Autoloader\Autoloader.php(219): CodeIgniter\Autoloader\Autoloader->loadInNamespace('App\\Controllers...')
#2 [internal function]: CodeIgniter\Autoloader\Autoloader->loadClass('App\\Controllers...')
#3 [internal function]: spl_autoload_call('App\\Controllers...')
#4 C:\xampp\htdocs\pbo-cv\system\CodeIgniter.php(790): class_exists('\\App\\Controller...', true)
#5 C:\xampp\htdocs\pbo-cv\system\CodeIgniter.php(399): CodeIgniter\CodeIgniter->startController()
#6 C:\xampp\htdocs\pbo-cv\system\CodeIgniter.php(320): CodeIgniter\CodeIgniter->handleRequest(NULL, Object(Config\Cache), false)
#7 C:\xampp\htdocs\pbo-cv\public\index.php(37): CodeIgniter\CodeIgniter->run()
#8 {main}
CRITICAL - 2022-01-31 04:40:19 --> syntax error, unexpected 'echo' (T_ECHO)
#0 C:\xampp\htdocs\pbo-cv\system\Autoloader\Autoloader.php(241): CodeIgniter\Autoloader\Autoloader->includeFile('C:\\xampp\\htdocs...')
#1 C:\xampp\htdocs\pbo-cv\system\Autoloader\Autoloader.php(219): CodeIgniter\Autoloader\Autoloader->loadInNamespace('App\\Controllers...')
#2 [internal function]: CodeIgniter\Autoloader\Autoloader->loadClass('App\\Controllers...')
#3 [internal function]: spl_autoload_call('App\\Controllers...')
#4 C:\xampp\htdocs\pbo-cv\system\CodeIgniter.php(790): class_exists('\\App\\Controller...', true)
#5 C:\xampp\htdocs\pbo-cv\system\CodeIgniter.php(399): CodeIgniter\CodeIgniter->startController()
#6 C:\xampp\htdocs\pbo-cv\system\CodeIgniter.php(320): CodeIgniter\CodeIgniter->handleRequest(NULL, Object(Config\Cache), false)
#7 C:\xampp\htdocs\pbo-cv\public\index.php(37): CodeIgniter\CodeIgniter->run()
#8 {main}
CRITICAL - 2022-01-31 04:40:20 --> syntax error, unexpected 'echo' (T_ECHO)
#0 C:\xampp\htdocs\pbo-cv\system\Autoloader\Autoloader.php(241): CodeIgniter\Autoloader\Autoloader->includeFile('C:\\xampp\\htdocs...')
#1 C:\xampp\htdocs\pbo-cv\system\Autoloader\Autoloader.php(219): CodeIgniter\Autoloader\Autoloader->loadInNamespace('App\\Controllers...')
#2 [internal function]: CodeIgniter\Autoloader\Autoloader->loadClass('App\\Controllers...')
#3 [internal function]: spl_autoload_call('App\\Controllers...')
#4 C:\xampp\htdocs\pbo-cv\system\CodeIgniter.php(790): class_exists('\\App\\Controller...', true)
#5 C:\xampp\htdocs\pbo-cv\system\CodeIgniter.php(399): CodeIgniter\CodeIgniter->startController()
#6 C:\xampp\htdocs\pbo-cv\system\CodeIgniter.php(320): CodeIgniter\CodeIgniter->handleRequest(NULL, Object(Config\Cache), false)
#7 C:\xampp\htdocs\pbo-cv\public\index.php(37): CodeIgniter\CodeIgniter->run()
#8 {main}
CRITICAL - 2022-01-31 04:40:21 --> syntax error, unexpected 'echo' (T_ECHO)
#0 C:\xampp\htdocs\pbo-cv\system\Autoloader\Autoloader.php(241): CodeIgniter\Autoloader\Autoloader->includeFile('C:\\xampp\\htdocs...')
#1 C:\xampp\htdocs\pbo-cv\system\Autoloader\Autoloader.php(219): CodeIgniter\Autoloader\Autoloader->loadInNamespace('App\\Controllers...')
#2 [internal function]: CodeIgniter\Autoloader\Autoloader->loadClass('App\\Controllers...')
#3 [internal function]: spl_autoload_call('App\\Controllers...')
#4 C:\xampp\htdocs\pbo-cv\system\CodeIgniter.php(790): class_exists('\\App\\Controller...', true)
#5 C:\xampp\htdocs\pbo-cv\system\CodeIgniter.php(399): CodeIgniter\CodeIgniter->startController()
#6 C:\xampp\htdocs\pbo-cv\system\CodeIgniter.php(320): CodeIgniter\CodeIgniter->handleRequest(NULL, Object(Config\Cache), false)
#7 C:\xampp\htdocs\pbo-cv\public\index.php(37): CodeIgniter\CodeIgniter->run()
#8 {main}
CRITICAL - 2022-01-31 04:40:30 --> syntax error, unexpected 'echo' (T_ECHO)
#0 C:\xampp\htdocs\pbo-cv\system\Autoloader\Autoloader.php(241): CodeIgniter\Autoloader\Autoloader->includeFile('C:\\xampp\\htdocs...')
#1 C:\xampp\htdocs\pbo-cv\system\Autoloader\Autoloader.php(219): CodeIgniter\Autoloader\Autoloader->loadInNamespace('App\\Controllers...')
#2 [internal function]: CodeIgniter\Autoloader\Autoloader->loadClass('App\\Controllers...')
#3 [internal function]: spl_autoload_call('App\\Controllers...')
#4 C:\xampp\htdocs\pbo-cv\system\CodeIgniter.php(790): class_exists('\\App\\Controller...', true)
#5 C:\xampp\htdocs\pbo-cv\system\CodeIgniter.php(399): CodeIgniter\CodeIgniter->startController()
#6 C:\xampp\htdocs\pbo-cv\system\CodeIgniter.php(320): CodeIgniter\CodeIgniter->handleRequest(NULL, Object(Config\Cache), false)
#7 C:\xampp\htdocs\pbo-cv\public\index.php(37): CodeIgniter\CodeIgniter->run()
#8 {main}
